<?xml version="1.0" encoding="UTF-8"?>
<!-- Generated by org.testng.reporters.JUnitReportReporter -->
<testsuite hostname="Mypc" failures="0" tests="3" name="com.qa.flipkart.test.HomePageTest" time="0.882" errors="0" timestamp="27 Jul 2020 05:22:14 GMT" skipped="0">
  <testcase classname="com.qa.flipkart.test.HomePageTest" name="closeWindowPopup" time="0.512"/>
  <testcase classname="com.qa.flipkart.test.HomePageTest" name="verifyPageTitleTest" time="0.023"/>
  <testcase classname="com.qa.flipkart.test.HomePageTest" name="clickOnRequiredOptionTest" time="0.347"/>
</testsuite> <!-- com.qa.flipkart.test.HomePageTest -->
